{"C:\\Users\\cuadr\\Desktop\\REACT\\gifs-app\\src\\GifsApp.tsx": {"path":"C:\\Users\\cuadr\\Desktop\\REACT\\gifs-app\\src\\GifsApp.tsx","all":false,"statementMap":{"0":{"start":{"line":1,"column":0},"end":{"line":1,"column":63}},"1":{"start":{"line":2,"column":0},"end":{"line":2,"column":69}},"2":{"start":{"line":3,"column":0},"end":{"line":3,"column":57}},"3":{"start":{"line":4,"column":0},"end":{"line":4,"column":53}},"5":{"start":{"line":6,"column":0},"end":{"line":6,"column":46}},"7":{"start":{"line":8,"column":0},"end":{"line":8,"column":30}},"9":{"start":{"line":10,"column":0},"end":{"line":10,"column":18}},"10":{"start":{"line":11,"column":0},"end":{"line":11,"column":79}},"12":{"start":{"line":13,"column":0},"end":{"line":13,"column":12}},"13":{"start":{"line":14,"column":0},"end":{"line":14,"column":10}},"15":{"start":{"line":16,"column":0},"end":{"line":16,"column":25}},"16":{"start":{"line":17,"column":0},"end":{"line":17,"column":40}},"17":{"start":{"line":18,"column":0},"end":{"line":18,"column":65}},"21":{"start":{"line":22,"column":0},"end":{"line":22,"column":50}},"22":{"start":{"line":23,"column":0},"end":{"line":23,"column":39}},"26":{"start":{"line":27,"column":0},"end":{"line":27,"column":89}},"29":{"start":{"line":30,"column":0},"end":{"line":30,"column":36}},"32":{"start":{"line":33,"column":0},"end":{"line":33,"column":1}}},"s":{"0":1,"1":1,"2":1,"3":1,"5":1,"7":1,"9":1,"10":1,"12":1,"13":1,"15":1,"16":1,"17":1,"21":1,"22":1,"26":1,"29":1,"32":1},"branchMap":{"0":{"type":"branch","line":8,"loc":{"start":{"line":8,"column":23},"end":{"line":33,"column":1}},"locations":[{"start":{"line":8,"column":23},"end":{"line":33,"column":1}}]}},"b":{"0":[1]},"fnMap":{"0":{"name":"GifsApp","decl":{"start":{"line":8,"column":23},"end":{"line":33,"column":1}},"loc":{"start":{"line":8,"column":23},"end":{"line":33,"column":1}},"line":8}},"f":{"0":1}}
,"C:\\Users\\cuadr\\Desktop\\REACT\\gifs-app\\src\\main.tsx": {"path":"C:\\Users\\cuadr\\Desktop\\REACT\\gifs-app\\src\\main.tsx","all":true,"statementMap":{"0":{"start":{"line":1,"column":0},"end":{"line":1,"column":34}},"1":{"start":{"line":2,"column":0},"end":{"line":2,"column":45}},"3":{"start":{"line":4,"column":0},"end":{"line":4,"column":35}},"5":{"start":{"line":6,"column":0},"end":{"line":6,"column":20}},"8":{"start":{"line":9,"column":0},"end":{"line":9,"column":52}},"9":{"start":{"line":10,"column":0},"end":{"line":10,"column":14}},"10":{"start":{"line":11,"column":0},"end":{"line":11,"column":15}}},"s":{"0":0,"1":0,"3":0,"5":0,"8":0,"9":0,"10":0},"branchMap":{"0":{"type":"branch","line":1,"loc":{"start":{"line":1,"column":244},"end":{"line":13,"column":1}},"locations":[{"start":{"line":1,"column":244},"end":{"line":13,"column":1}}]}},"b":{"0":[0]},"fnMap":{"0":{"name":"(empty-report)","decl":{"start":{"line":1,"column":244},"end":{"line":13,"column":1}},"loc":{"start":{"line":1,"column":244},"end":{"line":13,"column":1}},"line":1}},"f":{"0":0}}
,"C:\\Users\\cuadr\\Desktop\\REACT\\gifs-app\\src\\gifs\\Interfaces\\gif.interface.ts": {"path":"C:\\Users\\cuadr\\Desktop\\REACT\\gifs-app\\src\\gifs\\Interfaces\\gif.interface.ts","all":true,"statementMap":{},"s":{},"branchMap":{"0":{"type":"branch","line":1,"loc":{"start":{"line":1,"column":111},"end":{"line":7,"column":1}},"locations":[{"start":{"line":1,"column":111},"end":{"line":7,"column":1}}]}},"b":{"0":[1]},"fnMap":{"0":{"name":"(empty-report)","decl":{"start":{"line":1,"column":111},"end":{"line":7,"column":1}},"loc":{"start":{"line":1,"column":111},"end":{"line":7,"column":1}},"line":1}},"f":{"0":1}}
,"C:\\Users\\cuadr\\Desktop\\REACT\\gifs-app\\src\\gifs\\Interfaces\\giphy.response.ts": {"path":"C:\\Users\\cuadr\\Desktop\\REACT\\gifs-app\\src\\gifs\\Interfaces\\giphy.response.ts","all":true,"statementMap":{},"s":{},"branchMap":{"0":{"type":"branch","line":1,"loc":{"start":{"line":1,"column":3521},"end":{"line":128,"column":1}},"locations":[{"start":{"line":1,"column":3521},"end":{"line":128,"column":1}}]}},"b":{"0":[1]},"fnMap":{"0":{"name":"(empty-report)","decl":{"start":{"line":1,"column":3521},"end":{"line":128,"column":1}},"loc":{"start":{"line":1,"column":3521},"end":{"line":128,"column":1}},"line":1}},"f":{"0":1}}
,"C:\\Users\\cuadr\\Desktop\\REACT\\gifs-app\\src\\gifs\\actions\\get-gifs-by-query.action.ts": {"path":"C:\\Users\\cuadr\\Desktop\\REACT\\gifs-app\\src\\gifs\\actions\\get-gifs-by-query.action.ts","all":false,"statementMap":{"0":{"start":{"line":1,"column":0},"end":{"line":1,"column":44}},"5":{"start":{"line":6,"column":0},"end":{"line":6,"column":72}},"6":{"start":{"line":7,"column":0},"end":{"line":7,"column":34}},"7":{"start":{"line":8,"column":0},"end":{"line":8,"column":14}},"8":{"start":{"line":9,"column":0},"end":{"line":9,"column":3}},"10":{"start":{"line":11,"column":0},"end":{"line":11,"column":7}},"11":{"start":{"line":12,"column":0},"end":{"line":12,"column":63}},"12":{"start":{"line":13,"column":0},"end":{"line":13,"column":15}},"13":{"start":{"line":14,"column":0},"end":{"line":14,"column":17}},"14":{"start":{"line":15,"column":0},"end":{"line":15,"column":18}},"15":{"start":{"line":16,"column":0},"end":{"line":16,"column":8}},"16":{"start":{"line":17,"column":0},"end":{"line":17,"column":7}},"18":{"start":{"line":19,"column":0},"end":{"line":19,"column":45}},"19":{"start":{"line":20,"column":0},"end":{"line":20,"column":17}},"20":{"start":{"line":21,"column":0},"end":{"line":21,"column":23}},"21":{"start":{"line":22,"column":0},"end":{"line":22,"column":35}},"22":{"start":{"line":23,"column":0},"end":{"line":23,"column":47}},"23":{"start":{"line":24,"column":0},"end":{"line":24,"column":49}},"24":{"start":{"line":25,"column":0},"end":{"line":25,"column":8}},"25":{"start":{"line":26,"column":0},"end":{"line":26,"column":19}},"26":{"start":{"line":27,"column":0},"end":{"line":27,"column":25}},"27":{"start":{"line":28,"column":0},"end":{"line":28,"column":14}},"28":{"start":{"line":29,"column":0},"end":{"line":29,"column":3}},"29":{"start":{"line":30,"column":0},"end":{"line":30,"column":2}}},"s":{"0":1,"5":1,"6":6,"7":1,"8":1,"10":5,"11":5,"12":5,"13":5,"14":5,"15":5,"16":5,"18":4,"19":40,"20":40,"21":40,"22":40,"23":40,"24":40,"25":4,"26":1,"27":1,"28":1,"29":6},"branchMap":{"0":{"type":"branch","line":6,"loc":{"start":{"line":6,"column":30},"end":{"line":30,"column":2}},"locations":[{"start":{"line":6,"column":30},"end":{"line":30,"column":2}}]},"1":{"type":"branch","line":7,"loc":{"start":{"line":7,"column":33},"end":{"line":9,"column":3}},"locations":[{"start":{"line":7,"column":33},"end":{"line":9,"column":3}}]},"2":{"type":"branch","line":9,"loc":{"start":{"line":9,"column":2},"end":{"line":17,"column":7}},"locations":[{"start":{"line":9,"column":2},"end":{"line":17,"column":7}}]},"3":{"type":"branch","line":17,"loc":{"start":{"line":17,"column":4},"end":{"line":29,"column":3}},"locations":[{"start":{"line":17,"column":4},"end":{"line":29,"column":3}}]},"4":{"type":"branch","line":26,"loc":{"start":{"line":26,"column":4},"end":{"line":29,"column":3}},"locations":[{"start":{"line":26,"column":4},"end":{"line":29,"column":3}}]},"5":{"type":"branch","line":19,"loc":{"start":{"line":19,"column":34},"end":{"line":25,"column":8}},"locations":[{"start":{"line":19,"column":34},"end":{"line":25,"column":8}}]}},"b":{"0":[6],"1":[1],"2":[5],"3":[4],"4":[1],"5":[40]},"fnMap":{"0":{"name":"getGifsByQuery","decl":{"start":{"line":6,"column":30},"end":{"line":30,"column":2}},"loc":{"start":{"line":6,"column":30},"end":{"line":30,"column":2}},"line":6}},"f":{"0":6}}
,"C:\\Users\\cuadr\\Desktop\\REACT\\gifs-app\\src\\gifs\\api\\giphy.api.ts": {"path":"C:\\Users\\cuadr\\Desktop\\REACT\\gifs-app\\src\\gifs\\api\\giphy.api.ts","all":false,"statementMap":{"0":{"start":{"line":1,"column":0},"end":{"line":1,"column":26}},"2":{"start":{"line":3,"column":0},"end":{"line":3,"column":38}},"3":{"start":{"line":4,"column":0},"end":{"line":4,"column":45}},"4":{"start":{"line":5,"column":0},"end":{"line":5,"column":13}},"5":{"start":{"line":6,"column":0},"end":{"line":6,"column":52}},"6":{"start":{"line":7,"column":0},"end":{"line":7,"column":18}},"7":{"start":{"line":8,"column":0},"end":{"line":8,"column":5}},"8":{"start":{"line":9,"column":0},"end":{"line":9,"column":3}}},"s":{"0":1,"2":1,"3":1,"4":1,"5":1,"6":1,"7":1,"8":1},"branchMap":{},"b":{},"fnMap":{},"f":{}}
,"C:\\Users\\cuadr\\Desktop\\REACT\\gifs-app\\src\\gifs\\components\\GifsList.tsx": {"path":"C:\\Users\\cuadr\\Desktop\\REACT\\gifs-app\\src\\gifs\\components\\GifsList.tsx","all":false,"statementMap":{"5":{"start":{"line":6,"column":0},"end":{"line":6,"column":54}},"6":{"start":{"line":7,"column":0},"end":{"line":7,"column":12}},"7":{"start":{"line":8,"column":0},"end":{"line":8,"column":40}},"9":{"start":{"line":10,"column":0},"end":{"line":10,"column":33}},"10":{"start":{"line":11,"column":0},"end":{"line":11,"column":59}},"11":{"start":{"line":12,"column":0},"end":{"line":12,"column":61}},"12":{"start":{"line":13,"column":0},"end":{"line":13,"column":44}},"13":{"start":{"line":14,"column":0},"end":{"line":14,"column":27}},"14":{"start":{"line":15,"column":0},"end":{"line":15,"column":64}},"21":{"start":{"line":22,"column":0},"end":{"line":22,"column":1}}},"s":{"5":1,"6":1,"7":1,"9":1,"10":1,"11":1,"12":1,"13":1,"14":1,"21":1},"branchMap":{"0":{"type":"branch","line":6,"loc":{"start":{"line":6,"column":24},"end":{"line":22,"column":1}},"locations":[{"start":{"line":6,"column":24},"end":{"line":22,"column":1}}]}},"b":{"0":[1]},"fnMap":{"0":{"name":"GifsList","decl":{"start":{"line":6,"column":24},"end":{"line":22,"column":1}},"loc":{"start":{"line":6,"column":24},"end":{"line":22,"column":1}},"line":6}},"f":{"0":1}}
,"C:\\Users\\cuadr\\Desktop\\REACT\\gifs-app\\src\\gifs\\components\\PreviousSearches.tsx": {"path":"C:\\Users\\cuadr\\Desktop\\REACT\\gifs-app\\src\\gifs\\components\\PreviousSearches.tsx","all":false,"statementMap":{"6":{"start":{"line":7,"column":0},"end":{"line":7,"column":87}},"7":{"start":{"line":8,"column":0},"end":{"line":8,"column":12}},"8":{"start":{"line":9,"column":0},"end":{"line":9,"column":43}},"9":{"start":{"line":10,"column":0},"end":{"line":10,"column":38}},"10":{"start":{"line":11,"column":0},"end":{"line":11,"column":51}},"11":{"start":{"line":12,"column":0},"end":{"line":12,"column":43}},"12":{"start":{"line":13,"column":0},"end":{"line":13,"column":36}},"13":{"start":{"line":14,"column":0},"end":{"line":14,"column":59}},"14":{"start":{"line":15,"column":0},"end":{"line":15,"column":34}},"19":{"start":{"line":20,"column":0},"end":{"line":20,"column":1}}},"s":{"6":1,"7":1,"8":1,"9":1,"10":1,"11":1,"12":1,"13":1,"14":1,"19":1},"branchMap":{"0":{"type":"branch","line":7,"loc":{"start":{"line":7,"column":32},"end":{"line":20,"column":1}},"locations":[{"start":{"line":7,"column":32},"end":{"line":20,"column":1}}]}},"b":{"0":[1]},"fnMap":{"0":{"name":"PreviousSearches","decl":{"start":{"line":7,"column":32},"end":{"line":20,"column":1}},"loc":{"start":{"line":7,"column":32},"end":{"line":20,"column":1}},"line":7}},"f":{"0":1}}
,"C:\\Users\\cuadr\\Desktop\\REACT\\gifs-app\\src\\gifs\\hooks\\useGifs.tsx": {"path":"C:\\Users\\cuadr\\Desktop\\REACT\\gifs-app\\src\\gifs\\hooks\\useGifs.tsx","all":false,"statementMap":{"0":{"start":{"line":1,"column":0},"end":{"line":1,"column":40}},"2":{"start":{"line":3,"column":0},"end":{"line":3,"column":78}},"5":{"start":{"line":6,"column":0},"end":{"line":6,"column":30}},"7":{"start":{"line":8,"column":0},"end":{"line":8,"column":69}},"8":{"start":{"line":9,"column":0},"end":{"line":9,"column":48}},"10":{"start":{"line":11,"column":0},"end":{"line":11,"column":56}},"12":{"start":{"line":13,"column":0},"end":{"line":13,"column":55}},"14":{"start":{"line":15,"column":0},"end":{"line":15,"column":38}},"15":{"start":{"line":16,"column":0},"end":{"line":16,"column":45}},"16":{"start":{"line":17,"column":0},"end":{"line":17,"column":19}},"17":{"start":{"line":18,"column":0},"end":{"line":18,"column":9}},"19":{"start":{"line":20,"column":0},"end":{"line":20,"column":48}},"20":{"start":{"line":21,"column":0},"end":{"line":21,"column":22}},"21":{"start":{"line":22,"column":0},"end":{"line":22,"column":39}},"22":{"start":{"line":23,"column":0},"end":{"line":23,"column":5}},"24":{"start":{"line":25,"column":0},"end":{"line":25,"column":56}},"25":{"start":{"line":26,"column":0},"end":{"line":26,"column":43}},"27":{"start":{"line":28,"column":0},"end":{"line":28,"column":39}},"29":{"start":{"line":30,"column":0},"end":{"line":30,"column":50}},"31":{"start":{"line":32,"column":0},"end":{"line":32,"column":65}},"33":{"start":{"line":34,"column":0},"end":{"line":34,"column":49}},"34":{"start":{"line":35,"column":0},"end":{"line":35,"column":22}},"36":{"start":{"line":37,"column":0},"end":{"line":37,"column":40}},"37":{"start":{"line":38,"column":0},"end":{"line":38,"column":6}},"38":{"start":{"line":39,"column":0},"end":{"line":39,"column":12}},"39":{"start":{"line":40,"column":0},"end":{"line":40,"column":15}},"40":{"start":{"line":41,"column":0},"end":{"line":41,"column":13}},"41":{"start":{"line":42,"column":0},"end":{"line":42,"column":22}},"43":{"start":{"line":44,"column":0},"end":{"line":44,"column":17}},"44":{"start":{"line":45,"column":0},"end":{"line":45,"column":26}},"45":{"start":{"line":46,"column":0},"end":{"line":46,"column":20}},"46":{"start":{"line":47,"column":0},"end":{"line":47,"column":6}},"47":{"start":{"line":48,"column":0},"end":{"line":48,"column":2}}},"s":{"0":1,"2":1,"5":1,"7":19,"8":19,"10":19,"12":19,"14":3,"15":1,"16":1,"17":1,"19":2,"20":2,"21":2,"22":2,"24":19,"25":10,"27":10,"29":10,"31":10,"33":10,"34":10,"36":10,"37":10,"38":19,"39":19,"40":19,"41":19,"43":19,"44":19,"45":19,"46":19,"47":19},"branchMap":{"0":{"type":"branch","line":6,"loc":{"start":{"line":6,"column":23},"end":{"line":48,"column":2}},"locations":[{"start":{"line":6,"column":23},"end":{"line":48,"column":2}}]},"1":{"type":"branch","line":13,"loc":{"start":{"line":13,"column":30},"end":{"line":23,"column":5}},"locations":[{"start":{"line":13,"column":30},"end":{"line":23,"column":5}}]},"2":{"type":"branch","line":15,"loc":{"start":{"line":15,"column":37},"end":{"line":18,"column":9}},"locations":[{"start":{"line":15,"column":37},"end":{"line":18,"column":9}}]},"3":{"type":"branch","line":18,"loc":{"start":{"line":18,"column":8},"end":{"line":23,"column":5}},"locations":[{"start":{"line":18,"column":8},"end":{"line":23,"column":5}}]},"4":{"type":"branch","line":25,"loc":{"start":{"line":25,"column":25},"end":{"line":38,"column":6}},"locations":[{"start":{"line":25,"column":25},"end":{"line":38,"column":6}}]},"5":{"type":"branch","line":28,"loc":{"start":{"line":28,"column":32},"end":{"line":28,"column":39}},"locations":[{"start":{"line":28,"column":32},"end":{"line":28,"column":39}}]},"6":{"type":"branch","line":30,"loc":{"start":{"line":30,"column":43},"end":{"line":30,"column":50}},"locations":[{"start":{"line":30,"column":43},"end":{"line":30,"column":50}}]}},"b":{"0":[19],"1":[3],"2":[1],"3":[2],"4":[10],"5":[0],"6":[0]},"fnMap":{"0":{"name":"useGifs","decl":{"start":{"line":6,"column":23},"end":{"line":48,"column":2}},"loc":{"start":{"line":6,"column":23},"end":{"line":48,"column":2}},"line":6},"1":{"name":"handleTermClicked","decl":{"start":{"line":13,"column":30},"end":{"line":23,"column":5}},"loc":{"start":{"line":13,"column":30},"end":{"line":23,"column":5}},"line":13},"2":{"name":"handleSearch","decl":{"start":{"line":25,"column":25},"end":{"line":38,"column":6}},"loc":{"start":{"line":25,"column":25},"end":{"line":38,"column":6}},"line":25}},"f":{"0":19,"1":3,"2":10}}
,"C:\\Users\\cuadr\\Desktop\\REACT\\gifs-app\\src\\mock-data\\gisf.mock.ts": {"path":"C:\\Users\\cuadr\\Desktop\\REACT\\gifs-app\\src\\mock-data\\gisf.mock.ts","all":true,"statementMap":{"8":{"start":{"line":9,"column":0},"end":{"line":9,"column":32}},"9":{"start":{"line":10,"column":0},"end":{"line":10,"column":3}},"10":{"start":{"line":11,"column":0},"end":{"line":11,"column":12}},"11":{"start":{"line":12,"column":0},"end":{"line":12,"column":29}},"12":{"start":{"line":13,"column":0},"end":{"line":13,"column":185}},"13":{"start":{"line":14,"column":0},"end":{"line":14,"column":15}},"14":{"start":{"line":15,"column":0},"end":{"line":15,"column":16}},"15":{"start":{"line":16,"column":0},"end":{"line":16,"column":4}},"16":{"start":{"line":17,"column":0},"end":{"line":17,"column":3}},"17":{"start":{"line":18,"column":0},"end":{"line":18,"column":12}},"18":{"start":{"line":19,"column":0},"end":{"line":19,"column":23}},"19":{"start":{"line":20,"column":0},"end":{"line":20,"column":70}},"20":{"start":{"line":21,"column":0},"end":{"line":21,"column":15}},"21":{"start":{"line":22,"column":0},"end":{"line":22,"column":16}},"22":{"start":{"line":23,"column":0},"end":{"line":23,"column":4}},"23":{"start":{"line":24,"column":0},"end":{"line":24,"column":3}},"24":{"start":{"line":25,"column":0},"end":{"line":25,"column":12}},"25":{"start":{"line":26,"column":0},"end":{"line":26,"column":25}},"26":{"start":{"line":27,"column":0},"end":{"line":27,"column":185}},"27":{"start":{"line":28,"column":0},"end":{"line":28,"column":15}},"28":{"start":{"line":29,"column":0},"end":{"line":29,"column":16}},"29":{"start":{"line":30,"column":0},"end":{"line":30,"column":4}},"30":{"start":{"line":31,"column":0},"end":{"line":31,"column":3}},"31":{"start":{"line":32,"column":0},"end":{"line":32,"column":12}},"32":{"start":{"line":33,"column":0},"end":{"line":33,"column":23}},"33":{"start":{"line":34,"column":0},"end":{"line":34,"column":70}},"34":{"start":{"line":35,"column":0},"end":{"line":35,"column":15}},"35":{"start":{"line":36,"column":0},"end":{"line":36,"column":16}},"36":{"start":{"line":37,"column":0},"end":{"line":37,"column":4}},"37":{"start":{"line":38,"column":0},"end":{"line":38,"column":3}},"38":{"start":{"line":39,"column":0},"end":{"line":39,"column":12}},"39":{"start":{"line":40,"column":0},"end":{"line":40,"column":30}},"40":{"start":{"line":41,"column":0},"end":{"line":41,"column":185}},"41":{"start":{"line":42,"column":0},"end":{"line":42,"column":15}},"42":{"start":{"line":43,"column":0},"end":{"line":43,"column":16}},"43":{"start":{"line":44,"column":0},"end":{"line":44,"column":4}},"44":{"start":{"line":45,"column":0},"end":{"line":45,"column":3}},"45":{"start":{"line":46,"column":0},"end":{"line":46,"column":12}},"46":{"start":{"line":47,"column":0},"end":{"line":47,"column":31}},"47":{"start":{"line":48,"column":0},"end":{"line":48,"column":185}},"48":{"start":{"line":49,"column":0},"end":{"line":49,"column":15}},"49":{"start":{"line":50,"column":0},"end":{"line":50,"column":16}},"50":{"start":{"line":51,"column":0},"end":{"line":51,"column":4}},"51":{"start":{"line":52,"column":0},"end":{"line":52,"column":2}}},"s":{"8":0,"9":0,"10":0,"11":0,"12":0,"13":0,"14":0,"15":0,"16":0,"17":0,"18":0,"19":0,"20":0,"21":0,"22":0,"23":0,"24":0,"25":0,"26":0,"27":0,"28":0,"29":0,"30":0,"31":0,"32":0,"33":0,"34":0,"35":0,"36":0,"37":0,"38":0,"39":0,"40":0,"41":0,"42":0,"43":0,"44":0,"45":0,"46":0,"47":0,"48":0,"49":0,"50":0,"51":0},"branchMap":{"0":{"type":"branch","line":1,"loc":{"start":{"line":1,"column":1576},"end":{"line":52,"column":2}},"locations":[{"start":{"line":1,"column":1576},"end":{"line":52,"column":2}}]}},"b":{"0":[1]},"fnMap":{"0":{"name":"(empty-report)","decl":{"start":{"line":1,"column":1576},"end":{"line":52,"column":2}},"loc":{"start":{"line":1,"column":1576},"end":{"line":52,"column":2}},"line":1}},"f":{"0":1}}
,"C:\\Users\\cuadr\\Desktop\\REACT\\gifs-app\\src\\shared\\components\\CustomHeader.tsx": {"path":"C:\\Users\\cuadr\\Desktop\\REACT\\gifs-app\\src\\shared\\components\\CustomHeader.tsx","all":false,"statementMap":{"5":{"start":{"line":6,"column":0},"end":{"line":6,"column":76}},"6":{"start":{"line":7,"column":0},"end":{"line":7,"column":12}},"7":{"start":{"line":8,"column":0},"end":{"line":8,"column":40}},"8":{"start":{"line":9,"column":0},"end":{"line":9,"column":28}},"9":{"start":{"line":10,"column":0},"end":{"line":10,"column":49}},"12":{"start":{"line":13,"column":0},"end":{"line":13,"column":1}}},"s":{"5":1,"6":4,"7":4,"8":4,"9":4,"12":4},"branchMap":{"0":{"type":"branch","line":6,"loc":{"start":{"line":6,"column":28},"end":{"line":13,"column":1}},"locations":[{"start":{"line":6,"column":28},"end":{"line":13,"column":1}}]}},"b":{"0":[4]},"fnMap":{"0":{"name":"CustomHeader","decl":{"start":{"line":6,"column":28},"end":{"line":13,"column":1}},"loc":{"start":{"line":6,"column":28},"end":{"line":13,"column":1}},"line":6}},"f":{"0":4}}
,"C:\\Users\\cuadr\\Desktop\\REACT\\gifs-app\\src\\shared\\components\\SearchBar.tsx": {"path":"C:\\Users\\cuadr\\Desktop\\REACT\\gifs-app\\src\\shared\\components\\SearchBar.tsx","all":false,"statementMap":{"0":{"start":{"line":1,"column":0},"end":{"line":1,"column":44}},"8":{"start":{"line":9,"column":0},"end":{"line":9,"column":84}},"10":{"start":{"line":11,"column":0},"end":{"line":11,"column":53}},"12":{"start":{"line":13,"column":0},"end":{"line":13,"column":21}},"13":{"start":{"line":14,"column":0},"end":{"line":14,"column":44}},"14":{"start":{"line":15,"column":0},"end":{"line":15,"column":33}},"15":{"start":{"line":16,"column":0},"end":{"line":16,"column":16}},"17":{"start":{"line":18,"column":0},"end":{"line":18,"column":45}},"18":{"start":{"line":19,"column":0},"end":{"line":19,"column":31}},"20":{"start":{"line":21,"column":0},"end":{"line":21,"column":32}},"21":{"start":{"line":22,"column":0},"end":{"line":22,"column":29}},"22":{"start":{"line":23,"column":0},"end":{"line":23,"column":32}},"23":{"start":{"line":24,"column":0},"end":{"line":24,"column":6}},"25":{"start":{"line":26,"column":0},"end":{"line":26,"column":73}},"26":{"start":{"line":27,"column":0},"end":{"line":27,"column":32}},"27":{"start":{"line":28,"column":0},"end":{"line":28,"column":27}},"28":{"start":{"line":29,"column":0},"end":{"line":29,"column":9}},"29":{"start":{"line":30,"column":0},"end":{"line":30,"column":6}},"31":{"start":{"line":32,"column":0},"end":{"line":32,"column":12}},"32":{"start":{"line":33,"column":0},"end":{"line":33,"column":42}},"33":{"start":{"line":34,"column":0},"end":{"line":34,"column":18}},"34":{"start":{"line":35,"column":0},"end":{"line":35,"column":27}},"35":{"start":{"line":36,"column":0},"end":{"line":36,"column":41}},"36":{"start":{"line":37,"column":0},"end":{"line":37,"column":34}},"37":{"start":{"line":38,"column":0},"end":{"line":38,"column":63}},"38":{"start":{"line":39,"column":0},"end":{"line":39,"column":41}},"40":{"start":{"line":41,"column":0},"end":{"line":41,"column":58}},"43":{"start":{"line":44,"column":0},"end":{"line":44,"column":1}}},"s":{"0":1,"8":1,"10":12,"12":12,"13":12,"14":2,"15":12,"17":12,"18":12,"20":12,"21":1,"22":1,"23":1,"25":12,"26":0,"27":0,"28":0,"29":0,"31":12,"32":12,"33":12,"34":12,"35":12,"36":12,"37":12,"38":12,"40":12,"43":12},"branchMap":{"0":{"type":"branch","line":9,"loc":{"start":{"line":9,"column":25},"end":{"line":44,"column":1}},"locations":[{"start":{"line":9,"column":25},"end":{"line":44,"column":1}}]},"1":{"type":"branch","line":13,"loc":{"start":{"line":13,"column":14},"end":{"line":19,"column":7}},"locations":[{"start":{"line":13,"column":14},"end":{"line":19,"column":7}}]},"2":{"type":"branch","line":14,"loc":{"start":{"line":14,"column":37},"end":{"line":16,"column":11}},"locations":[{"start":{"line":14,"column":37},"end":{"line":16,"column":11}}]},"3":{"type":"branch","line":18,"loc":{"start":{"line":18,"column":15},"end":{"line":18,"column":45}},"locations":[{"start":{"line":18,"column":15},"end":{"line":18,"column":45}}]},"4":{"type":"branch","line":21,"loc":{"start":{"line":21,"column":25},"end":{"line":24,"column":6}},"locations":[{"start":{"line":21,"column":25},"end":{"line":24,"column":6}}]},"5":{"type":"branch","line":38,"loc":{"start":{"line":38,"column":26},"end":{"line":38,"column":63}},"locations":[{"start":{"line":38,"column":26},"end":{"line":38,"column":63}}]}},"b":{"0":[12],"1":[12],"2":[2],"3":[12],"4":[1],"5":[6]},"fnMap":{"0":{"name":"SearchBar","decl":{"start":{"line":9,"column":25},"end":{"line":44,"column":1}},"loc":{"start":{"line":9,"column":25},"end":{"line":44,"column":1}},"line":9},"1":{"name":"handleSearch","decl":{"start":{"line":21,"column":25},"end":{"line":24,"column":6}},"loc":{"start":{"line":21,"column":25},"end":{"line":24,"column":6}},"line":21},"2":{"name":"handleKeyDown","decl":{"start":{"line":26,"column":26},"end":{"line":30,"column":6}},"loc":{"start":{"line":26,"column":26},"end":{"line":30,"column":6}},"line":26},"3":{"name":"onChange","decl":{"start":{"line":38,"column":26},"end":{"line":38,"column":63}},"loc":{"start":{"line":38,"column":26},"end":{"line":38,"column":63}},"line":38}},"f":{"0":12,"1":1,"2":0,"3":6}}
}
